[debug] [2020-05-13T21:41:58.656Z] ----------------------------------------------------------------------
[debug] [2020-05-13T21:41:58.657Z] Command:       /home/michael/.nvm/versions/node/v13.12.0/bin/node /home/michael/.nvm/versions/node/v13.12.0/bin/firebase serve
[debug] [2020-05-13T21:41:58.658Z] CLI Version:   8.2.0
[debug] [2020-05-13T21:41:58.658Z] Platform:      linux
[debug] [2020-05-13T21:41:58.658Z] Node Version:  v13.12.0
[debug] [2020-05-13T21:41:58.658Z] Time:          Thu May 14 2020 00:41:58 GMT+0300 (East Africa Time)
[debug] [2020-05-13T21:41:58.659Z] ----------------------------------------------------------------------
[debug] [2020-05-13T21:41:58.659Z] 
[debug] [2020-05-13T21:41:58.665Z] > command requires scopes: ["email","openid","https://www.googleapis.com/auth/cloudplatformprojects.readonly","https://www.googleapis.com/auth/firebase","https://www.googleapis.com/auth/cloud-platform"]
[debug] [2020-05-13T21:41:58.665Z] > authorizing via signed-in user
[debug] [2020-05-13T21:41:58.665Z] [iam] checking project goals101 for permissions ["firebase.projects.get"]
[debug] [2020-05-13T21:41:58.668Z] >>> HTTP REQUEST POST https://cloudresourcemanager.googleapis.com/v1/projects/goals101:testIamPermissions  
 {"permissions":["firebase.projects.get"]}
[debug] [2020-05-13T21:42:00.385Z] <<< HTTP RESPONSE 200 {"content-type":"application/json; charset=UTF-8","vary":"X-Origin, Referer, Origin,Accept-Encoding","date":"Wed, 13 May 2020 21:42:00 GMT","server":"ESF","cache-control":"private","x-xss-protection":"0","x-frame-options":"SAMEORIGIN","x-content-type-options":"nosniff","server-timing":"gfet4t7; dur=1304","alt-svc":"h3-27=\":443\"; ma=2592000,h3-25=\":443\"; ma=2592000,h3-Q050=\":443\"; ma=2592000,h3-Q049=\":443\"; ma=2592000,h3-Q048=\":443\"; ma=2592000,h3-Q046=\":443\"; ma=2592000,h3-Q043=\":443\"; ma=2592000,quic=\":443\"; ma=2592000; v=\"46,43\"","accept-ranges":"none","transfer-encoding":"chunked"}
[debug] [2020-05-13T21:42:00.388Z] >>> HTTP REQUEST GET https://firebase.googleapis.com/v1beta1/projects/goals101  
 
[debug] [2020-05-13T21:42:01.003Z] <<< HTTP RESPONSE 200 {"content-type":"application/json; charset=UTF-8","vary":"X-Origin, Referer, Origin,Accept-Encoding","date":"Wed, 13 May 2020 21:42:00 GMT","server":"ESF","cache-control":"private","x-xss-protection":"0","x-frame-options":"SAMEORIGIN","x-content-type-options":"nosniff","alt-svc":"h3-27=\":443\"; ma=2592000,h3-25=\":443\"; ma=2592000,h3-Q050=\":443\"; ma=2592000,h3-Q049=\":443\"; ma=2592000,h3-Q048=\":443\"; ma=2592000,h3-Q046=\":443\"; ma=2592000,h3-Q043=\":443\"; ma=2592000,quic=\":443\"; ma=2592000; v=\"46,43\"","accept-ranges":"none","transfer-encoding":"chunked"}
[info] 
[info] === Serving from '/home/michael/Desktop/Goals'...
[info] 
[debug] [2020-05-13T21:42:01.010Z] >>> HTTP REQUEST GET https://firebase.googleapis.com/v1beta1/projects/goals101/webApps/-/config  
 
[debug] [2020-05-13T21:42:01.824Z] <<< HTTP RESPONSE 200 {"content-type":"application/json; charset=UTF-8","vary":"X-Origin, Referer, Origin,Accept-Encoding","date":"Wed, 13 May 2020 21:42:01 GMT","server":"ESF","cache-control":"private","x-xss-protection":"0","x-frame-options":"SAMEORIGIN","x-content-type-options":"nosniff","alt-svc":"h3-27=\":443\"; ma=2592000,h3-25=\":443\"; ma=2592000,h3-Q050=\":443\"; ma=2592000,h3-Q049=\":443\"; ma=2592000,h3-Q048=\":443\"; ma=2592000,h3-Q046=\":443\"; ma=2592000,h3-Q043=\":443\"; ma=2592000,quic=\":443\"; ma=2592000; v=\"46,43\"","accept-ranges":"none","transfer-encoding":"chunked"}
[info] i  hosting: Serving hosting files from: dist
[info] ✔  hosting: Local server: http://localhost:5000
